This file contains any messages produced by compilers while
running configure, to aid debugging if configure makes a mistake.

It was created by FULL-PACKAGE-NAME configure VERSION, which was
generated by GNU Autoconf 2.59.  Invocation command line was

  $ ./configure 

## --------- ##
## Platform. ##
## --------- ##

hostname = belief
uname -m = x86_64
uname -r = 5.0.0-27-generic
uname -s = Linux
uname -v = #28~18.04.1-Ubuntu SMP Thu Aug 22 03:00:32 UTC 2019

/usr/bin/uname -p = unknown
/bin/uname -X     = unknown

/bin/arch              = unknown
/usr/bin/arch -k       = unknown
/usr/convex/getsysinfo = unknown
hostinfo               = unknown
/bin/machine           = unknown
/usr/bin/oslevel       = unknown
/bin/universe          = unknown

PATH: /home/axin/.local/bin
PATH: /home/axin/.local/bin
PATH: /usr/local/sbin
PATH: /usr/local/bin
PATH: /usr/sbin
PATH: /usr/bin
PATH: /sbin
PATH: /bin
PATH: /usr/games
PATH: /usr/local/games
PATH: /snap/bin
PATH: /usr/lib/oracle/19.3/client64/bin
PATH: .
PATH: /usr/lib/oracle/19.3/client64/bin
PATH: .


## ----------- ##
## Core tests. ##
## ----------- ##

configure:1353: checking for gcc
configure:1369: found /usr/bin/gcc
configure:1379: result: gcc
configure:1623: checking for C compiler version
configure:1626: gcc --version </dev/null >&5
gcc (Ubuntu 7.4.0-1ubuntu1~18.04.1) 7.4.0
Copyright (C) 2017 Free Software Foundation, Inc.
This is free software; see the source for copying conditions.  There is NO
warranty; not even for MERCHANTABILITY or FITNESS FOR A PARTICULAR PURPOSE.

configure:1629: $? = 0
configure:1631: gcc -v </dev/null >&5
Using built-in specs.
COLLECT_GCC=gcc
COLLECT_LTO_WRAPPER=/usr/lib/gcc/x86_64-linux-gnu/7/lto-wrapper
OFFLOAD_TARGET_NAMES=nvptx-none
OFFLOAD_TARGET_DEFAULT=1
Target: x86_64-linux-gnu
Configured with: ../src/configure -v --with-pkgversion='Ubuntu 7.4.0-1ubuntu1~18.04.1' --with-bugurl=file:///usr/share/doc/gcc-7/README.Bugs --enable-languages=c,ada,c++,go,brig,d,fortran,objc,obj-c++ --prefix=/usr --with-gcc-major-version-only --program-suffix=-7 --program-prefix=x86_64-linux-gnu- --enable-shared --enable-linker-build-id --libexecdir=/usr/lib --without-included-gettext --enable-threads=posix --libdir=/usr/lib --enable-nls --with-sysroot=/ --enable-clocale=gnu --enable-libstdcxx-debug --enable-libstdcxx-time=yes --with-default-libstdcxx-abi=new --enable-gnu-unique-object --disable-vtable-verify --enable-libmpx --enable-plugin --enable-default-pie --with-system-zlib --with-target-system-zlib --enable-objc-gc=auto --enable-multiarch --disable-werror --with-arch-32=i686 --with-abi=m64 --with-multilib-list=m32,m64,mx32 --enable-multilib --with-tune=generic --enable-offload-targets=nvptx-none --without-cuda-driver --enable-checking=release --build=x86_64-linux-gnu --host=x86_64-linux-gnu --target=x86_64-linux-gnu
Thread model: posix
gcc version 7.4.0 (Ubuntu 7.4.0-1ubuntu1~18.04.1) 
configure:1634: $? = 0
configure:1636: gcc -V </dev/null >&5
gcc: error: unrecognized command line option '-V'
gcc: fatal error: no input files
compilation terminated.
configure:1639: $? = 1
configure:1662: checking for C compiler default output file name
configure:1665: gcc    conftest.c  >&5
configure:1668: $? = 0
configure:1714: result: a.out
configure:1719: checking whether the C compiler works
configure:1725: ./a.out
configure:1728: $? = 0
configure:1745: result: yes
configure:1752: checking whether we are cross compiling
configure:1754: result: no
configure:1757: checking for suffix of executables
configure:1759: gcc -o conftest    conftest.c  >&5
configure:1762: $? = 0
configure:1787: result: 
configure:1793: checking for suffix of object files
configure:1814: gcc -c   conftest.c >&5
configure:1817: $? = 0
configure:1839: result: o
configure:1843: checking whether we are using the GNU C compiler
configure:1867: gcc -c   conftest.c >&5
configure:1873: $? = 0
configure:1877: test -z 
			 || test ! -s conftest.err
configure:1880: $? = 0
configure:1883: test -s conftest.o
configure:1886: $? = 0
configure:1899: result: yes
configure:1905: checking whether gcc accepts -g
configure:1926: gcc -c -g  conftest.c >&5
configure:1932: $? = 0
configure:1936: test -z 
			 || test ! -s conftest.err
configure:1939: $? = 0
configure:1942: test -s conftest.o
configure:1945: $? = 0
configure:1956: result: yes
configure:1973: checking for gcc option to accept ANSI C
configure:2043: gcc  -c -g -O2  conftest.c >&5
configure:2049: $? = 0
configure:2053: test -z 
			 || test ! -s conftest.err
configure:2056: $? = 0
configure:2059: test -s conftest.o
configure:2062: $? = 0
configure:2080: result: none needed
configure:2098: gcc -c -g -O2  conftest.c >&5
conftest.c:2:3: error: unknown type name 'choke'
   choke me
   ^~~~~
conftest.c:2:3: error: expected '=', ',', ';', 'asm' or '__attribute__' at end of input
configure:2104: $? = 1
configure: failed program was:
| #ifndef __cplusplus
|   choke me
| #endif
configure:2247: checking how to run the C preprocessor
configure:2282: gcc -E  conftest.c
configure:2288: $? = 0
configure:2320: gcc -E  conftest.c
conftest.c:9:10: fatal error: ac_nonexistent.h: No such file or directory
 #include <ac_nonexistent.h>
          ^~~~~~~~~~~~~~~~~~
compilation terminated.
configure:2326: $? = 1
configure: failed program was:
| /* confdefs.h.  */
| 
| #define PACKAGE_NAME "FULL-PACKAGE-NAME"
| #define PACKAGE_TARNAME "full-package-name"
| #define PACKAGE_VERSION "VERSION"
| #define PACKAGE_STRING "FULL-PACKAGE-NAME VERSION"
| #define PACKAGE_BUGREPORT "BUG-REPORT-ADDRESS"
| /* end confdefs.h.  */
| #include <ac_nonexistent.h>
configure:2365: result: gcc -E
configure:2389: gcc -E  conftest.c
configure:2395: $? = 0
configure:2427: gcc -E  conftest.c
conftest.c:9:10: fatal error: ac_nonexistent.h: No such file or directory
 #include <ac_nonexistent.h>
          ^~~~~~~~~~~~~~~~~~
compilation terminated.
configure:2433: $? = 1
configure: failed program was:
| /* confdefs.h.  */
| 
| #define PACKAGE_NAME "FULL-PACKAGE-NAME"
| #define PACKAGE_TARNAME "full-package-name"
| #define PACKAGE_VERSION "VERSION"
| #define PACKAGE_STRING "FULL-PACKAGE-NAME VERSION"
| #define PACKAGE_BUGREPORT "BUG-REPORT-ADDRESS"
| /* end confdefs.h.  */
| #include <ac_nonexistent.h>
configure:2477: checking for egrep
configure:2487: result: grep -E
configure:2492: checking for ANSI C header files
configure:2517: gcc -c -g -O2  conftest.c >&5
configure:2523: $? = 0
configure:2527: test -z 
			 || test ! -s conftest.err
configure:2530: $? = 0
configure:2533: test -s conftest.o
configure:2536: $? = 0
configure:2625: gcc -o conftest -g -O2   conftest.c  >&5
conftest.c: In function 'main':
conftest.c:26:7: warning: implicit declaration of function 'exit' [-Wimplicit-function-declaration]
       exit(2);
       ^~~~
conftest.c:26:7: warning: incompatible implicit declaration of built-in function 'exit'
conftest.c:26:7: note: include '<stdlib.h>' or provide a declaration of 'exit'
conftest.c:27:3: warning: incompatible implicit declaration of built-in function 'exit'
   exit (0);
   ^~~~
conftest.c:27:3: note: include '<stdlib.h>' or provide a declaration of 'exit'
configure:2628: $? = 0
configure:2630: ./conftest
configure:2633: $? = 0
configure:2648: result: yes
configure:2672: checking for sys/types.h
configure:2688: gcc -c -g -O2  conftest.c >&5
configure:2694: $? = 0
configure:2698: test -z 
			 || test ! -s conftest.err
configure:2701: $? = 0
configure:2704: test -s conftest.o
configure:2707: $? = 0
configure:2718: result: yes
configure:2672: checking for sys/stat.h
configure:2688: gcc -c -g -O2  conftest.c >&5
configure:2694: $? = 0
configure:2698: test -z 
			 || test ! -s conftest.err
configure:2701: $? = 0
configure:2704: test -s conftest.o
configure:2707: $? = 0
configure:2718: result: yes
configure:2672: checking for stdlib.h
configure:2688: gcc -c -g -O2  conftest.c >&5
configure:2694: $? = 0
configure:2698: test -z 
			 || test ! -s conftest.err
configure:2701: $? = 0
configure:2704: test -s conftest.o
configure:2707: $? = 0
configure:2718: result: yes
configure:2672: checking for string.h
configure:2688: gcc -c -g -O2  conftest.c >&5
configure:2694: $? = 0
configure:2698: test -z 
			 || test ! -s conftest.err
configure:2701: $? = 0
configure:2704: test -s conftest.o
configure:2707: $? = 0
configure:2718: result: yes
configure:2672: checking for memory.h
configure:2688: gcc -c -g -O2  conftest.c >&5
configure:2694: $? = 0
configure:2698: test -z 
			 || test ! -s conftest.err
configure:2701: $? = 0
configure:2704: test -s conftest.o
configure:2707: $? = 0
configure:2718: result: yes
configure:2672: checking for strings.h
configure:2688: gcc -c -g -O2  conftest.c >&5
configure:2694: $? = 0
configure:2698: test -z 
			 || test ! -s conftest.err
configure:2701: $? = 0
configure:2704: test -s conftest.o
configure:2707: $? = 0
configure:2718: result: yes
configure:2672: checking for inttypes.h
configure:2688: gcc -c -g -O2  conftest.c >&5
configure:2694: $? = 0
configure:2698: test -z 
			 || test ! -s conftest.err
configure:2701: $? = 0
configure:2704: test -s conftest.o
configure:2707: $? = 0
configure:2718: result: yes
configure:2672: checking for stdint.h
configure:2688: gcc -c -g -O2  conftest.c >&5
configure:2694: $? = 0
configure:2698: test -z 
			 || test ! -s conftest.err
configure:2701: $? = 0
configure:2704: test -s conftest.o
configure:2707: $? = 0
configure:2718: result: yes
configure:2672: checking for unistd.h
configure:2688: gcc -c -g -O2  conftest.c >&5
configure:2694: $? = 0
configure:2698: test -z 
			 || test ! -s conftest.err
configure:2701: $? = 0
configure:2704: test -s conftest.o
configure:2707: $? = 0
configure:2718: result: yes
configure:2736: checking for stdlib.h
configure:2741: result: yes
configure:2736: checking for string.h
configure:2741: result: yes
configure:2883: checking for an ANSI C-conforming const
configure:2950: gcc -c -g -O2  conftest.c >&5
configure:2956: $? = 0
configure:2960: test -z 
			 || test ! -s conftest.err
configure:2963: $? = 0
configure:2966: test -s conftest.o
configure:2969: $? = 0
configure:2980: result: yes
configure:2992: checking for error_at_line
configure:3013: gcc -o conftest -g -O2   conftest.c  >&5
conftest.c: In function 'main':
conftest.c:58:1: warning: implicit declaration of function 'error_at_line' [-Wimplicit-function-declaration]
 error_at_line (0, 0, "", 0, "");
 ^~~~~~~~~~~~~
configure:3019: $? = 0
configure:3023: test -z 
			 || test ! -s conftest.err
configure:3026: $? = 0
configure:3029: test -s conftest
configure:3032: $? = 0
configure:3044: result: yes
configure:3061: checking for vprintf
configure:3118: gcc -o conftest -g -O2   conftest.c  >&5
conftest.c:45:6: warning: conflicting types for built-in function 'vprintf' [-Wbuiltin-declaration-mismatch]
 char vprintf ();
      ^~~~~~~
configure:3124: $? = 0
configure:3128: test -z 
			 || test ! -s conftest.err
configure:3131: $? = 0
configure:3134: test -s conftest
configure:3137: $? = 0
configure:3149: result: yes
configure:3156: checking for _doprnt
configure:3213: gcc -o conftest -g -O2   conftest.c  >&5
/tmp/ccbvIRoe.o: In function `main':
/opt/SIDGuesser/conftest.c:62: undefined reference to `_doprnt'
/tmp/ccbvIRoe.o:/opt/SIDGuesser/conftest.c:53: undefined reference to `_doprnt'
collect2: error: ld returned 1 exit status
configure:3219: $? = 1
configure: failed program was:
| /* confdefs.h.  */
| 
| #define PACKAGE_NAME "FULL-PACKAGE-NAME"
| #define PACKAGE_TARNAME "full-package-name"
| #define PACKAGE_VERSION "VERSION"
| #define PACKAGE_STRING "FULL-PACKAGE-NAME VERSION"
| #define PACKAGE_BUGREPORT "BUG-REPORT-ADDRESS"
| #define STDC_HEADERS 1
| #define HAVE_SYS_TYPES_H 1
| #define HAVE_SYS_STAT_H 1
| #define HAVE_STDLIB_H 1
| #define HAVE_STRING_H 1
| #define HAVE_MEMORY_H 1
| #define HAVE_STRINGS_H 1
| #define HAVE_INTTYPES_H 1
| #define HAVE_STDINT_H 1
| #define HAVE_UNISTD_H 1
| #define HAVE_STDLIB_H 1
| #define HAVE_STRING_H 1
| #define HAVE_VPRINTF 1
| /* end confdefs.h.  */
| /* Define _doprnt to an innocuous variant, in case <limits.h> declares _doprnt.
|    For example, HP-UX 11i <limits.h> declares gettimeofday.  */
| #define _doprnt innocuous__doprnt
| 
| /* System header to define __stub macros and hopefully few prototypes,
|     which can conflict with char _doprnt (); below.
|     Prefer <limits.h> to <assert.h> if __STDC__ is defined, since
|     <limits.h> exists even on freestanding compilers.  */
| 
| #ifdef __STDC__
| # include <limits.h>
| #else
| # include <assert.h>
| #endif
| 
| #undef _doprnt
| 
| /* Override any gcc2 internal prototype to avoid an error.  */
| #ifdef __cplusplus
| extern "C"
| {
| #endif
| /* We use char because int might match the return type of a gcc2
|    builtin and then its argument prototype would still apply.  */
| char _doprnt ();
| /* The GNU C library defines this for functions which it implements
|     to always fail with ENOSYS.  Some functions are actually named
|     something starting with __ and the normal name is an alias.  */
| #if defined (__stub__doprnt) || defined (__stub____doprnt)
| choke me
| #else
| char (*f) () = _doprnt;
| #endif
| #ifdef __cplusplus
| }
| #endif
| 
| int
| main ()
| {
| return f != _doprnt;
|   ;
|   return 0;
| }
configure:3244: result: no
configure:3264: checking for memset
configure:3321: gcc -o conftest -g -O2   conftest.c  >&5
conftest.c:46:6: warning: conflicting types for built-in function 'memset' [-Wbuiltin-declaration-mismatch]
 char memset ();
      ^~~~~~
configure:3327: $? = 0
configure:3331: test -z 
			 || test ! -s conftest.err
configure:3334: $? = 0
configure:3337: test -s conftest
configure:3340: $? = 0
configure:3352: result: yes
configure:3264: checking for socket
configure:3321: gcc -o conftest -g -O2   conftest.c  >&5
configure:3327: $? = 0
configure:3331: test -z 
			 || test ! -s conftest.err
configure:3334: $? = 0
configure:3337: test -s conftest
configure:3340: $? = 0
configure:3352: result: yes
configure:3264: checking for strchr
configure:3321: gcc -o conftest -g -O2   conftest.c  >&5
conftest.c:48:6: warning: conflicting types for built-in function 'strchr' [-Wbuiltin-declaration-mismatch]
 char strchr ();
      ^~~~~~
configure:3327: $? = 0
configure:3331: test -z 
			 || test ! -s conftest.err
configure:3334: $? = 0
configure:3337: test -s conftest
configure:3340: $? = 0
configure:3352: result: yes
configure:3458: creating ./config.status

## ---------------------- ##
## Running config.status. ##
## ---------------------- ##

This file was extended by FULL-PACKAGE-NAME config.status VERSION, which was
generated by GNU Autoconf 2.59.  Invocation command line was

  CONFIG_FILES    = 
  CONFIG_HEADERS  = 
  CONFIG_LINKS    = 
  CONFIG_COMMANDS = 
  $ ./config.status 

on belief

config.status:641: creating Makefile
config.status:744: creating config.h

## ---------------- ##
## Cache variables. ##
## ---------------- ##

ac_cv_c_compiler_gnu=yes
ac_cv_c_const=yes
ac_cv_env_CC_set=
ac_cv_env_CC_value=
ac_cv_env_CFLAGS_set=
ac_cv_env_CFLAGS_value=
ac_cv_env_CPPFLAGS_set=
ac_cv_env_CPPFLAGS_value=
ac_cv_env_CPP_set=
ac_cv_env_CPP_value=
ac_cv_env_LDFLAGS_set=
ac_cv_env_LDFLAGS_value=
ac_cv_env_build_alias_set=
ac_cv_env_build_alias_value=
ac_cv_env_host_alias_set=
ac_cv_env_host_alias_value=
ac_cv_env_target_alias_set=
ac_cv_env_target_alias_value=
ac_cv_exeext=
ac_cv_func__doprnt=no
ac_cv_func_memset=yes
ac_cv_func_socket=yes
ac_cv_func_strchr=yes
ac_cv_func_vprintf=yes
ac_cv_header_inttypes_h=yes
ac_cv_header_memory_h=yes
ac_cv_header_stdc=yes
ac_cv_header_stdint_h=yes
ac_cv_header_stdlib_h=yes
ac_cv_header_string_h=yes
ac_cv_header_strings_h=yes
ac_cv_header_sys_stat_h=yes
ac_cv_header_sys_types_h=yes
ac_cv_header_unistd_h=yes
ac_cv_lib_error_at_line=yes
ac_cv_objext=o
ac_cv_prog_CPP='gcc -E'
ac_cv_prog_ac_ct_CC=gcc
ac_cv_prog_cc_g=yes
ac_cv_prog_cc_stdc=
ac_cv_prog_egrep='grep -E'

## ----------------- ##
## Output variables. ##
## ----------------- ##

CC='gcc'
CFLAGS='-g -O2'
CPP='gcc -E'
CPPFLAGS=''
DEFS='-DHAVE_CONFIG_H'
ECHO_C=''
ECHO_N='-n'
ECHO_T=''
EGREP='grep -E'
EXEEXT=''
LDFLAGS=''
LIBOBJS=''
LIBS=''
LTLIBOBJS=''
OBJEXT='o'
PACKAGE_BUGREPORT='BUG-REPORT-ADDRESS'
PACKAGE_NAME='FULL-PACKAGE-NAME'
PACKAGE_STRING='FULL-PACKAGE-NAME VERSION'
PACKAGE_TARNAME='full-package-name'
PACKAGE_VERSION='VERSION'
PATH_SEPARATOR=':'
SHELL='/bin/bash'
ac_ct_CC='gcc'
bindir='${exec_prefix}/bin'
build_alias=''
datadir='${prefix}/share'
exec_prefix='${prefix}'
host_alias=''
includedir='${prefix}/include'
infodir='${prefix}/info'
libdir='${exec_prefix}/lib'
libexecdir='${exec_prefix}/libexec'
localstatedir='${prefix}/var'
mandir='${prefix}/man'
oldincludedir='/usr/include'
prefix='/usr/local'
program_transform_name='s,x,x,'
sbindir='${exec_prefix}/sbin'
sharedstatedir='${prefix}/com'
sysconfdir='${prefix}/etc'
target_alias=''

## ----------- ##
## confdefs.h. ##
## ----------- ##

#define HAVE_INTTYPES_H 1
#define HAVE_MEMORY_H 1
#define HAVE_MEMSET 1
#define HAVE_SOCKET 1
#define HAVE_STDINT_H 1
#define HAVE_STDLIB_H 1
#define HAVE_STDLIB_H 1
#define HAVE_STRCHR 1
#define HAVE_STRINGS_H 1
#define HAVE_STRING_H 1
#define HAVE_STRING_H 1
#define HAVE_SYS_STAT_H 1
#define HAVE_SYS_TYPES_H 1
#define HAVE_UNISTD_H 1
#define HAVE_VPRINTF 1
#define PACKAGE_BUGREPORT "BUG-REPORT-ADDRESS"
#define PACKAGE_NAME "FULL-PACKAGE-NAME"
#define PACKAGE_STRING "FULL-PACKAGE-NAME VERSION"
#define PACKAGE_TARNAME "full-package-name"
#define PACKAGE_VERSION "VERSION"
#define STDC_HEADERS 1

configure: exit 0
